  floor.c
  main.c
C:\Users\MSI\Desktop\TermProject_Elevator\TermProject_Elevator\floor.c(49,9): warning C4101: 'j' :참조되지 않은 지역 변수입니다.
C:\Users\MSI\Desktop\TermProject_Elevator\TermProject_Elevator\main.c(31,18): warning C4244: '함수': 'time_t'에서 'unsigned int'(으)로 변환하면서 데이터가 손실될 수 있습니다.
C:\Users\MSI\Desktop\TermProject_Elevator\TermProject_Elevator\main.c(70,19): warning C4013: 'command_elevator'이(가) 정의되지 않았습니다. extern은 int형을 반환하는 것으로 간주합니다.
C:\Users\MSI\Desktop\TermProject_Elevator\TermProject_Elevator\main.c(114,15): warning C4013: 'command_time'이(가) 정의되지 않았습니다. extern은 int형을 반환하는 것으로 간주합니다.
C:\Users\MSI\Desktop\TermProject_Elevator\TermProject_Elevator\main.c(55,1): warning C4996: 'inet_addr': Use inet_pton() or InetPton() instead or define _WINSOCK_DEPRECATED_NO_WARNINGS to disable deprecated API warnings
C:\Program Files (x86)\Windows Kits\10\Include\10.0.18362.0\um\WinSock2.h(1831): message : 'inet_addr' 선언을 참조하십시오.
  process_boarding.c
C:\Users\MSI\Desktop\TermProject_Elevator\TermProject_Elevator\main.c(29,6): warning C4101: 'i' :참조되지 않은 지역 변수입니다.
  process_seek.c
C:\Users\MSI\Desktop\TermProject_Elevator\TermProject_Elevator\WinSock2.send.h(21,1): warning C4244: '초기화 중': 'float'에서 'byte'(으)로 변환하면서 데이터가 손실될 수 있습니다.
C:\Users\MSI\Desktop\TermProject_Elevator\TermProject_Elevator\process_seek.c(16,24): warning C4244: '함수': 'float'에서 'int'(으)로 변환하면서 데이터가 손실될 수 있습니다.
C:\Users\MSI\Desktop\TermProject_Elevator\TermProject_Elevator\process_seek.c(16,35): warning C4244: '함수': 'float'에서 'int'(으)로 변환하면서 데이터가 손실될 수 있습니다.
C:\Users\MSI\Desktop\TermProject_Elevator\TermProject_Elevator\process_seek.c(16,45): warning C4244: '함수': 'float'에서 'int'(으)로 변환하면서 데이터가 손실될 수 있습니다.
C:\Users\MSI\Desktop\TermProject_Elevator\TermProject_Elevator\process_seek.c(40,24): warning C4244: '함수': 'float'에서 'int'(으)로 변환하면서 데이터가 손실될 수 있습니다.
C:\Users\MSI\Desktop\TermProject_Elevator\TermProject_Elevator\process_seek.c(40,35): warning C4244: '함수': 'float'에서 'int'(으)로 변환하면서 데이터가 손실될 수 있습니다.
C:\Users\MSI\Desktop\TermProject_Elevator\TermProject_Elevator\process_seek.c(40,45): warning C4244: '함수': 'float'에서 'int'(으)로 변환하면서 데이터가 손실될 수 있습니다.
C:\Users\MSI\Desktop\TermProject_Elevator\TermProject_Elevator\process_seek.c(187,22): warning C4244: '=': 'int'에서 'float'(으)로 변환하면서 데이터가 손실될 수 있습니다.
C:\Users\MSI\Desktop\TermProject_Elevator\TermProject_Elevator\process_seek.c(192,32): warning C4244: '+=': 'float'에서 'int'(으)로 변환하면서 데이터가 손실될 수 있습니다.
C:\Users\MSI\Desktop\TermProject_Elevator\TermProject_Elevator\process_seek.c(195,74): warning C4244: '+=': 'float'에서 'int'(으)로 변환하면서 데이터가 손실될 수 있습니다.
C:\Users\MSI\Desktop\TermProject_Elevator\TermProject_Elevator\process_seek.c(198,65): warning C4244: '+=': 'float'에서 'int'(으)로 변환하면서 데이터가 손실될 수 있습니다.
C:\Users\MSI\Desktop\TermProject_Elevator\TermProject_Elevator\process_seek.c(201,47): warning C4244: '+=': 'float'에서 'int'(으)로 변환하면서 데이터가 손실될 수 있습니다.
C:\Users\MSI\Desktop\TermProject_Elevator\TermProject_Elevator\process_seek.c(204,43): warning C4244: '+=': 'float'에서 'int'(으)로 변환하면서 데이터가 손실될 수 있습니다.
C:\Users\MSI\Desktop\TermProject_Elevator\TermProject_Elevator\process_seek.c(207,30): warning C4244: '+=': 'float'에서 'int'(으)로 변환하면서 데이터가 손실될 수 있습니다.
C:\Users\MSI\Desktop\TermProject_Elevator\TermProject_Elevator\process_seek.c(214,32): warning C4244: '+=': 'float'에서 'int'(으)로 변환하면서 데이터가 손실될 수 있습니다.
C:\Users\MSI\Desktop\TermProject_Elevator\TermProject_Elevator\process_seek.c(217,74): warning C4244: '+=': 'float'에서 'int'(으)로 변환하면서 데이터가 손실될 수 있습니다.
C:\Users\MSI\Desktop\TermProject_Elevator\TermProject_Elevator\process_seek.c(220,73): warning C4244: '+=': 'float'에서 'int'(으)로 변환하면서 데이터가 손실될 수 있습니다.
C:\Users\MSI\Desktop\TermProject_Elevator\TermProject_Elevator\process_seek.c(223,63): warning C4244: '+=': 'float'에서 'int'(으)로 변환하면서 데이터가 손실될 수 있습니다.
C:\Users\MSI\Desktop\TermProject_Elevator\TermProject_Elevator\process_seek.c(226,51): warning C4244: '+=': 'float'에서 'int'(으)로 변환하면서 데이터가 손실될 수 있습니다.
  코드를 생성하고 있습니다...
C:\Users\MSI\Desktop\TermProject_Elevator\TermProject_Elevator\process_seek.c(229,30): warning C4244: '+=': 'float'에서 'int'(으)로 변환하면서 데이터가 손실될 수 있습니다.
C:\Users\MSI\Desktop\TermProject_Elevator\TermProject_Elevator\main.c(156): warning C4716: 'switch_endian': 값을 반환해야 합니다.
  TermProject_Elevator.vcxproj -> C:\Users\MSI\Desktop\TermProject_Elevator\Debug\TermProject_Elevator.exe
