c:\users\nda11\desktop\알고리즘 텀프로젝트\termproject_elevator\termproject_elevator\debug\vc142.pdb
c:\users\nda11\desktop\알고리즘 텀프로젝트\termproject_elevator\termproject_elevator\debug\vc142.idb
c:\users\nda11\desktop\알고리즘 텀프로젝트\termproject_elevator\termproject_elevator\debug\process_seek.obj
c:\users\nda11\desktop\알고리즘 텀프로젝트\termproject_elevator\termproject_elevator\debug\process_run.obj
c:\users\nda11\desktop\알고리즘 텀프로젝트\termproject_elevator\termproject_elevator\debug\process_boarding.obj
c:\users\nda11\desktop\알고리즘 텀프로젝트\termproject_elevator\termproject_elevator\debug\passenger.obj
c:\users\nda11\desktop\알고리즘 텀프로젝트\termproject_elevator\termproject_elevator\debug\main.obj
c:\users\nda11\desktop\알고리즘 텀프로젝트\termproject_elevator\termproject_elevator\debug\linkedlist.obj
c:\users\nda11\desktop\알고리즘 텀프로젝트\termproject_elevator\termproject_elevator\debug\floor.obj
c:\users\nda11\desktop\알고리즘 텀프로젝트\termproject_elevator\termproject_elevator\debug\elevator.obj
c:\users\nda11\desktop\알고리즘 텀프로젝트\termproject_elevator\termproject_elevator\debug\door.obj
c:\users\nda11\desktop\알고리즘 텀프로젝트\termproject_elevator\termproject_elevator\debug\circular_queue.obj
c:\users\nda11\desktop\알고리즘 텀프로젝트\termproject_elevator\debug\termproject_elevator.exe
c:\users\nda11\desktop\알고리즘 텀프로젝트\termproject_elevator\debug\termproject_elevator.ilk
c:\users\nda11\desktop\알고리즘 텀프로젝트\termproject_elevator\debug\termproject_elevator.pdb
c:\users\nda11\desktop\알고리즘 텀프로젝트\termproject_elevator\termproject_elevator\debug\vc141.idb
c:\users\nda11\desktop\알고리즘 텀프로젝트\termproject_elevator\termproject_elevator\debug\vc141.pdb
c:\users\nda11\desktop\알고리즘 텀프로젝트\termproject_elevator\termproject_elevator\debug\termproj.c5af12cb.tlog\cl.command.1.tlog
c:\users\nda11\desktop\알고리즘 텀프로젝트\termproject_elevator\termproject_elevator\debug\termproj.c5af12cb.tlog\cl.read.1.tlog
c:\users\nda11\desktop\알고리즘 텀프로젝트\termproject_elevator\termproject_elevator\debug\termproj.c5af12cb.tlog\cl.write.1.tlog
c:\users\nda11\desktop\알고리즘 텀프로젝트\termproject_elevator\termproject_elevator\debug\termproj.c5af12cb.tlog\link.command.1.tlog
c:\users\nda11\desktop\알고리즘 텀프로젝트\termproject_elevator\termproject_elevator\debug\termproj.c5af12cb.tlog\link.read.1.tlog
c:\users\nda11\desktop\알고리즘 텀프로젝트\termproject_elevator\termproject_elevator\debug\termproj.c5af12cb.tlog\link.write.1.tlog
